<?xml version="1.0" encoding="utf-8"?><testsuites name="pytest tests"><testsuite name="pytest" errors="0" failures="0" skipped="0" tests="11" time="0.361" timestamp="2026-08-04T17:15:55.322923-06:00" hostname="Mac.home.local"><testcase classname="tests.unit.database.test_job_repository" name="test_save_and_retrieve_original_job" time="0.004" /><testcase classname="tests.unit.database.test_job_repository" name="test_get_job_returns_none_for_unknown_id" time="0.001" /><testcase classname="tests.unit.database.test_job_repository" name="test_save_original_job_rejects_empty_description" time="0.001" /><testcase classname="tests.unit.database.test_job_repository" name="test_store_original_job_passes_untouched_text_to_repository" time="0.000" /><testcase classname="tests.unit.database.test_job_repository" name="test_original_job_is_stored_before_parsing" time="0.000" /><testcase classname="tests.unit.database.test_job_repository" name="test_update_parsed_job" time="0.002" /><testcase classname="tests.unit.database.test_job_repository" name="test_update_parsed_job_rejects_unknown_job" time="0.001" /><testcase classname="tests.unit.database.test_job_repository" name="test_same_source_url_returns_existing_job" time="0.001" /><testcase classname="tests.unit.database.test_job_repository" name="test_same_description_hash_returns_existing_job" time="0.002" /><testcase classname="tests.unit.database.test_job_repository" name="test_different_descriptions_create_different_jobs" time="0.002" /><testcase classname="tests.unit.database.test_job_repository" name="test_blank_source_url_is_stored_as_none" time="0.001" /></testsuite></testsuites>