<?xml version="1.0" encoding="utf-8"?><testsuites name="pytest tests"><testsuite name="pytest" errors="0" failures="0" skipped="0" tests="3" time="0.356" timestamp="2026-08-04T10:41:09.686700-06:00" hostname="Mac.home.local"><testcase classname="tests.unit.test_main" name="test_process_job_text_stores_before_parsing" time="0.002" /><testcase classname="tests.unit.test_main" name="test_process_job_text_skips_duplicate_without_reprocess" time="0.001" /><testcase classname="tests.unit.test_main" name="test_process_job_text_reprocesses_duplicate_when_requested" time="0.001" /></testsuite></testsuites>